Arguments: 
  /home/ninja/n/bin/node /usr/bin/yarn add playlyfe/gql

PATH: 
  /home/ninja/.rbenv/shims:/home/ninja/.gem/ruby/2.4.0/bin:/usr/local/sbin:/usr/local/bin:/usr/bin:/opt/android-sdk/platform-tools:/opt/android-sdk/tools:/opt/depot_tools:/usr/lib/jvm/default/bin:/usr/bin/site_perl:/usr/bin/vendor_perl:/usr/bin/core_perl:/usr/bin/:/home/ninja/bin/:/home/ninja/n/bin:/home/ninja/.yarn/bin:/path/to/elixir/bin

Yarn version: 
  0.21.3

Node version: 
  7.3.0

Platform: 
  linux x64

npm manifest: 
  No manifest

yarn manifest: 
  No manifest

Lockfile: 
  # THIS IS AN AUTOGENERATED FILE. DO NOT EDIT THIS FILE DIRECTLY.
  # yarn lockfile v1

Trace: 
  Error: Error connecting to repository. Please, check the url.
      at /usr/lib/node_modules/yarn/lib/resolvers/exotics/hosted-git-resolver.js:162:15
      at Generator.next (<anonymous>)
      at step (/usr/lib/node_modules/yarn/node_modules/babel-runtime/helpers/asyncToGenerator.js:17:30)
      at /usr/lib/node_modules/yarn/node_modules/babel-runtime/helpers/asyncToGenerator.js:28:13
      at process._tickCallback (internal/process/next_tick.js:103:7)
